<?xml version="1.0" encoding="UTF-8"?>
<!-- Generated by org.testng.reporters.JUnitReportReporter -->
<testsuite skipped="0" hostname="LAPTOP-19553BN3" name="com.amazon.qa.testcases.LoginPageTest" tests="3" failures="0" timestamp="30 Oct 2018 00:26:13 GMT" time="8.087" errors="0">
  <testcase name="loginPageTitleTest" time="0.158" classname="com.amazon.qa.testcases.LoginPageTest"/>
  <testcase name="loginPageLogoTest" time="0.699" classname="com.amazon.qa.testcases.LoginPageTest"/>
  <testcase name="loginTest" time="7.230" classname="com.amazon.qa.testcases.LoginPageTest"/>
</testsuite> <!-- com.amazon.qa.testcases.LoginPageTest -->
